2015-09-01 04:00:00.843 [main] INFO  org.springframework.boot.context.embedded.tomcat.TomcatEmbeddedServletContainer - Tomcat initialized with port(s): 8080 (http)
2015-09-01 04:00:01.101 [main] INFO  org.apache.catalina.core.StandardService - Starting service Tomcat
2015-09-01 04:00:01.102 [main] INFO  org.apache.catalina.core.StandardEngine - Starting Servlet Engine: Apache Tomcat/8.0.23
2015-09-01 04:00:01.205 [localhost-startStop-1] INFO  org.apache.catalina.core.ContainerBase.[Tomcat].[localhost].[/] - Initializing Spring embedded WebApplicationContext
2015-09-01 04:00:01.205 [localhost-startStop-1] INFO  org.springframework.web.context.ContextLoader - Root WebApplicationContext: initialization completed in 2373 ms
2015-09-01 04:00:06.808 [main] INFO  main.Application - Starting Application on WIN-SFKL5881PS1 with PID 14340 (E:\Other\simpleWeb\target\classes started by Administrator in E:\Other\simpleWeb)
2015-09-01 04:00:06.848 [main] INFO  o.s.boot.context.embedded.AnnotationConfigEmbeddedWebApplicationContext - Refreshing org.springframework.boot.context.embedded.AnnotationConfigEmbeddedWebApplicationContext@21798b40: startup date [Tue Sep 01 04:00:06 CST 2015]; root of context hierarchy
2015-09-01 04:00:07.566 [main] INFO  org.springframework.beans.factory.support.DefaultListableBeanFactory - Overriding bean definition for bean 'beanNameViewResolver' with a different definition: replacing [Root bean: class [null]; scope=; abstract=false; lazyInit=false; autowireMode=3; dependencyCheck=0; autowireCandidate=true; primary=false; factoryBeanName=org.springframework.boot.autoconfigure.web.ErrorMvcAutoConfiguration$WhitelabelErrorViewConfiguration; factoryMethodName=beanNameViewResolver; initMethodName=null; destroyMethodName=(inferred); defined in class path resource [org/springframework/boot/autoconfigure/web/ErrorMvcAutoConfiguration$WhitelabelErrorViewConfiguration.class]] with [Root bean: class [null]; scope=; abstract=false; lazyInit=false; autowireMode=3; dependencyCheck=0; autowireCandidate=true; primary=false; factoryBeanName=org.springframework.boot.autoconfigure.web.WebMvcAutoConfiguration$WebMvcAutoConfigurationAdapter; factoryMethodName=beanNameViewResolver; initMethodName=null; destroyMethodName=(inferred); defined in class path resource [org/springframework/boot/autoconfigure/web/WebMvcAutoConfiguration$WebMvcAutoConfigurationAdapter.class]]
2015-09-01 04:00:16.088 [main] INFO  main.Application - Starting Application on WIN-SFKL5881PS1 with PID 12676 (E:\Other\simpleWeb\target\classes started by Administrator in E:\Other\simpleWeb)
2015-09-01 04:00:16.118 [main] INFO  o.s.boot.context.embedded.AnnotationConfigEmbeddedWebApplicationContext - Refreshing org.springframework.boot.context.embedded.AnnotationConfigEmbeddedWebApplicationContext@32a527eb: startup date [Tue Sep 01 04:00:16 CST 2015]; root of context hierarchy
2015-09-01 04:02:07.481 [main] INFO  controller.RoleController - Starting RoleController on WIN-SFKL5881PS1 with PID 17020 (E:\Other\simpleWeb\target\classes started by Administrator in E:\Other\simpleWeb)
2015-09-01 04:02:07.521 [main] INFO  o.s.boot.context.embedded.AnnotationConfigEmbeddedWebApplicationContext - Refreshing org.springframework.boot.context.embedded.AnnotationConfigEmbeddedWebApplicationContext@1a8c8ead: startup date [Tue Sep 01 04:02:07 CST 2015]; root of context hierarchy
2015-09-01 04:02:08.264 [main] INFO  org.springframework.beans.factory.support.DefaultListableBeanFactory - Overriding bean definition for bean 'beanNameViewResolver' with a different definition: replacing [Root bean: class [null]; scope=; abstract=false; lazyInit=false; autowireMode=3; dependencyCheck=0; autowireCandidate=true; primary=false; factoryBeanName=org.springframework.boot.autoconfigure.web.ErrorMvcAutoConfiguration$WhitelabelErrorViewConfiguration; factoryMethodName=beanNameViewResolver; initMethodName=null; destroyMethodName=(inferred); defined in class path resource [org/springframework/boot/autoconfigure/web/ErrorMvcAutoConfiguration$WhitelabelErrorViewConfiguration.class]] with [Root bean: class [null]; scope=; abstract=false; lazyInit=false; autowireMode=3; dependencyCheck=0; autowireCandidate=true; primary=false; factoryBeanName=org.springframework.boot.autoconfigure.web.WebMvcAutoConfiguration$WebMvcAutoConfigurationAdapter; factoryMethodName=beanNameViewResolver; initMethodName=null; destroyMethodName=(inferred); defined in class path resource [org/springframework/boot/autoconfigure/web/WebMvcAutoConfiguration$WebMvcAutoConfigurationAdapter.class]]
2015-09-01 04:02:08.572 [main] INFO  org.hibernate.validator.internal.util.Version - HV000001: Hibernate Validator 5.1.3.Final
2015-09-01 04:02:08.702 [main] INFO  o.s.context.support.PostProcessorRegistrationDelegate$BeanPostProcessorChecker - Bean 'org.springframework.transaction.annotation.ProxyTransactionManagementConfiguration' of type [class org.springframework.transaction.annotation.ProxyTransactionManagementConfiguration$$EnhancerBySpringCGLIB$$d2aef010] is not eligible for getting processed by all BeanPostProcessors (for example: not eligible for auto-proxying)
2015-09-01 04:02:09.600 [main] INFO  org.springframework.boot.context.embedded.tomcat.TomcatEmbeddedServletContainer - Tomcat initialized with port(s): 8080 (http)
2015-09-01 04:02:09.822 [main] INFO  org.apache.catalina.core.StandardService - Starting service Tomcat
2015-09-01 04:02:09.822 [main] INFO  org.apache.catalina.core.StandardEngine - Starting Servlet Engine: Apache Tomcat/8.0.23
2015-09-01 04:02:09.963 [localhost-startStop-1] INFO  org.apache.catalina.core.ContainerBase.[Tomcat].[localhost].[/] - Initializing Spring embedded WebApplicationContext
2015-09-01 04:02:09.963 [localhost-startStop-1] INFO  org.springframework.web.context.ContextLoader - Root WebApplicationContext: initialization completed in 2442 ms
2015-09-01 04:02:11.393 [localhost-startStop-1] INFO  org.springframework.boot.context.embedded.ServletRegistrationBean - Mapping servlet: 'dispatcherServlet' to [/]
2015-09-01 04:02:11.393 [localhost-startStop-1] INFO  org.springframework.boot.context.embedded.FilterRegistrationBean - Mapping filter: 'characterEncodingFilter' to: [/*]
2015-09-01 04:02:11.393 [localhost-startStop-1] INFO  org.springframework.boot.context.embedded.FilterRegistrationBean - Mapping filter: 'hiddenHttpMethodFilter' to: [/*]
2015-09-01 04:02:11.595 [main] INFO  o.springframework.web.servlet.mvc.method.annotation.RequestMappingHandlerAdapter - Looking for @ControllerAdvice: org.springframework.boot.context.embedded.AnnotationConfigEmbeddedWebApplicationContext@1a8c8ead: startup date [Tue Sep 01 04:02:07 CST 2015]; root of context hierarchy
2015-09-01 04:02:11.665 [main] INFO  o.springframework.web.servlet.mvc.method.annotation.RequestMappingHandlerMapping - Mapped "{[/]}" onto java.lang.String controller.RoleController.home()
2015-09-01 04:02:11.665 [main] INFO  o.springframework.web.servlet.mvc.method.annotation.RequestMappingHandlerMapping - Mapped "{[/greeting]}" onto public vo.Greeting controller.RoleController.greeting(java.lang.String)
2015-09-01 04:02:11.665 [main] INFO  o.springframework.web.servlet.mvc.method.annotation.RequestMappingHandlerMapping - Mapped "{[/error]}" onto public org.springframework.http.ResponseEntity<java.util.Map<java.lang.String, java.lang.Object>> org.springframework.boot.autoconfigure.web.BasicErrorController.error(javax.servlet.http.HttpServletRequest)
2015-09-01 04:02:11.665 [main] INFO  o.springframework.web.servlet.mvc.method.annotation.RequestMappingHandlerMapping - Mapped "{[/error],produces=[text/html]}" onto public org.springframework.web.servlet.ModelAndView org.springframework.boot.autoconfigure.web.BasicErrorController.errorHtml(javax.servlet.http.HttpServletRequest)
2015-09-01 04:02:11.713 [main] INFO  org.springframework.web.servlet.handler.SimpleUrlHandlerMapping - Mapped URL path [/**] onto handler of type [class org.springframework.web.servlet.resource.ResourceHttpRequestHandler]
2015-09-01 04:02:11.713 [main] INFO  org.springframework.web.servlet.handler.SimpleUrlHandlerMapping - Mapped URL path [/webjars/**] onto handler of type [class org.springframework.web.servlet.resource.ResourceHttpRequestHandler]
2015-09-01 04:02:11.775 [main] INFO  org.springframework.web.servlet.handler.SimpleUrlHandlerMapping - Mapped URL path [/**/favicon.ico] onto handler of type [class org.springframework.web.servlet.resource.ResourceHttpRequestHandler]
2015-09-01 04:02:12.729 [main] INFO  org.springframework.jmx.export.annotation.AnnotationMBeanExporter - Registering beans for JMX exposure on startup
2015-09-01 04:02:12.792 [main] INFO  org.apache.coyote.http11.Http11NioProtocol - Initializing ProtocolHandler ["http-nio-8080"]
2015-09-01 04:02:12.803 [main] INFO  org.apache.coyote.http11.Http11NioProtocol - Starting ProtocolHandler ["http-nio-8080"]
2015-09-01 04:02:12.822 [main] INFO  org.apache.tomcat.util.net.NioSelectorPool - Using a shared selector for servlet write/read
2015-09-01 04:02:12.847 [main] INFO  org.springframework.boot.context.embedded.tomcat.TomcatEmbeddedServletContainer - Tomcat started on port(s): 8080 (http)
2015-09-01 04:02:12.854 [main] INFO  controller.RoleController - Started RoleController in 5.592 seconds (JVM running for 6.035)
2015-09-01 04:03:26.576 [main] INFO  main.Application - Starting Application on WIN-SFKL5881PS1 with PID 16916 (E:\Other\simpleWeb\target\classes started by Administrator in E:\Other\simpleWeb)
2015-09-01 04:03:26.606 [main] INFO  o.s.boot.context.embedded.AnnotationConfigEmbeddedWebApplicationContext - Refreshing org.springframework.boot.context.embedded.AnnotationConfigEmbeddedWebApplicationContext@6e30188: startup date [Tue Sep 01 04:03:26 CST 2015]; root of context hierarchy
2015-09-01 04:07:11.445 [main] INFO  main.Application - Starting Application on WIN-SFKL5881PS1 with PID 13936 (E:\Other\simpleWeb\target\classes started by Administrator in E:\Other\simpleWeb)
2015-09-01 04:07:11.477 [main] INFO  o.s.boot.context.embedded.AnnotationConfigEmbeddedWebApplicationContext - Refreshing org.springframework.boot.context.embedded.AnnotationConfigEmbeddedWebApplicationContext@21798b40: startup date [Tue Sep 01 04:07:11 CST 2015]; root of context hierarchy
2015-09-01 04:07:12.177 [main] INFO  org.springframework.beans.factory.support.DefaultListableBeanFactory - Overriding bean definition for bean 'beanNameViewResolver' with a different definition: replacing [Root bean: class [null]; scope=; abstract=false; lazyInit=false; autowireMode=3; dependencyCheck=0; autowireCandidate=true; primary=false; factoryBeanName=org.springframework.boot.autoconfigure.web.ErrorMvcAutoConfiguration$WhitelabelErrorViewConfiguration; factoryMethodName=beanNameViewResolver; initMethodName=null; destroyMethodName=(inferred); defined in class path resource [org/springframework/boot/autoconfigure/web/ErrorMvcAutoConfiguration$WhitelabelErrorViewConfiguration.class]] with [Root bean: class [null]; scope=; abstract=false; lazyInit=false; autowireMode=3; dependencyCheck=0; autowireCandidate=true; primary=false; factoryBeanName=org.springframework.boot.autoconfigure.web.WebMvcAutoConfiguration$WebMvcAutoConfigurationAdapter; factoryMethodName=beanNameViewResolver; initMethodName=null; destroyMethodName=(inferred); defined in class path resource [org/springframework/boot/autoconfigure/web/WebMvcAutoConfiguration$WebMvcAutoConfigurationAdapter.class]]
2015-09-01 04:07:12.493 [main] INFO  org.hibernate.validator.internal.util.Version - HV000001: Hibernate Validator 5.1.3.Final
2015-09-01 04:07:12.626 [main] INFO  o.s.context.support.PostProcessorRegistrationDelegate$BeanPostProcessorChecker - Bean 'org.springframework.transaction.annotation.ProxyTransactionManagementConfiguration' of type [class org.springframework.transaction.annotation.ProxyTransactionManagementConfiguration$$EnhancerBySpringCGLIB$$fb6f2550] is not eligible for getting processed by all BeanPostProcessors (for example: not eligible for auto-proxying)
2015-09-01 04:07:13.554 [main] INFO  org.springframework.boot.context.embedded.tomcat.TomcatEmbeddedServletContainer - Tomcat initialized with port(s): 8080 (http)
2015-09-01 04:07:13.788 [main] INFO  org.apache.catalina.core.StandardService - Starting service Tomcat
2015-09-01 04:07:13.789 [main] INFO  org.apache.catalina.core.StandardEngine - Starting Servlet Engine: Apache Tomcat/8.0.23
2015-09-01 04:07:13.933 [localhost-startStop-1] INFO  org.apache.catalina.core.ContainerBase.[Tomcat].[localhost].[/] - Initializing Spring embedded WebApplicationContext
2015-09-01 04:07:13.933 [localhost-startStop-1] INFO  org.springframework.web.context.ContextLoader - Root WebApplicationContext: initialization completed in 2456 ms
2015-09-01 04:07:56.781 [main] INFO  controller.RoleController - Starting RoleController on WIN-SFKL5881PS1 with PID 12048 (E:\Other\simpleWeb\target\classes started by Administrator in E:\Other\simpleWeb)
2015-09-01 04:07:56.821 [main] INFO  o.s.boot.context.embedded.AnnotationConfigEmbeddedWebApplicationContext - Refreshing org.springframework.boot.context.embedded.AnnotationConfigEmbeddedWebApplicationContext@1a8c8ead: startup date [Tue Sep 01 04:07:56 CST 2015]; root of context hierarchy
2015-09-01 04:12:04.880 [main] INFO  main.Application - Starting Application on WIN-SFKL5881PS1 with PID 14820 (E:\Other\simpleWeb\target\classes started by Administrator in E:\Other\simpleWeb)
2015-09-01 04:12:04.910 [main] INFO  o.s.boot.context.embedded.AnnotationConfigEmbeddedWebApplicationContext - Refreshing org.springframework.boot.context.embedded.AnnotationConfigEmbeddedWebApplicationContext@78dfcf46: startup date [Tue Sep 01 04:12:04 CST 2015]; root of context hierarchy
2015-09-01 04:12:05.604 [main] INFO  org.springframework.beans.factory.support.DefaultListableBeanFactory - Overriding bean definition for bean 'beanNameViewResolver' with a different definition: replacing [Root bean: class [null]; scope=; abstract=false; lazyInit=false; autowireMode=3; dependencyCheck=0; autowireCandidate=true; primary=false; factoryBeanName=org.springframework.boot.autoconfigure.web.ErrorMvcAutoConfiguration$WhitelabelErrorViewConfiguration; factoryMethodName=beanNameViewResolver; initMethodName=null; destroyMethodName=(inferred); defined in class path resource [org/springframework/boot/autoconfigure/web/ErrorMvcAutoConfiguration$WhitelabelErrorViewConfiguration.class]] with [Root bean: class [null]; scope=; abstract=false; lazyInit=false; autowireMode=3; dependencyCheck=0; autowireCandidate=true; primary=false; factoryBeanName=org.springframework.boot.autoconfigure.web.WebMvcAutoConfiguration$WebMvcAutoConfigurationAdapter; factoryMethodName=beanNameViewResolver; initMethodName=null; destroyMethodName=(inferred); defined in class path resource [org/springframework/boot/autoconfigure/web/WebMvcAutoConfiguration$WebMvcAutoConfigurationAdapter.class]]
2015-09-01 04:12:05.917 [main] INFO  org.hibernate.validator.internal.util.Version - HV000001: Hibernate Validator 5.1.3.Final
2015-09-01 04:12:06.057 [main] INFO  o.s.context.support.PostProcessorRegistrationDelegate$BeanPostProcessorChecker - Bean 'org.springframework.transaction.annotation.ProxyTransactionManagementConfiguration' of type [class org.springframework.transaction.annotation.ProxyTransactionManagementConfiguration$$EnhancerBySpringCGLIB$$7579c462] is not eligible for getting processed by all BeanPostProcessors (for example: not eligible for auto-proxying)
2015-09-01 04:12:11.120 [main] INFO  main.Application - Starting Application on WIN-SFKL5881PS1 with PID 9928 (E:\Other\simpleWeb\target\classes started by Administrator in E:\Other\simpleWeb)
2015-09-01 04:12:11.150 [main] INFO  o.s.boot.context.embedded.AnnotationConfigEmbeddedWebApplicationContext - Refreshing org.springframework.boot.context.embedded.AnnotationConfigEmbeddedWebApplicationContext@78dfcf46: startup date [Tue Sep 01 04:12:11 CST 2015]; root of context hierarchy
2015-09-01 04:14:18.751 [main] INFO  main.Application - Starting Application on WIN-SFKL5881PS1 with PID 17172 (E:\Other\simpleWeb\target\classes started by Administrator in E:\Other\simpleWeb)
2015-09-01 04:14:18.791 [main] INFO  o.s.boot.context.embedded.AnnotationConfigEmbeddedWebApplicationContext - Refreshing org.springframework.boot.context.embedded.AnnotationConfigEmbeddedWebApplicationContext@2da13aa9: startup date [Tue Sep 01 04:14:18 CST 2015]; root of context hierarchy
2015-09-01 04:15:26.500 [main] INFO  org.springframework.context.support.ClassPathXmlApplicationContext - Refreshing org.springframework.context.support.ClassPathXmlApplicationContext@6743bc0f: startup date [Tue Sep 01 04:15:26 CST 2015]; root of context hierarchy
2015-09-01 04:15:26.550 [main] INFO  org.springframework.beans.factory.xml.XmlBeanDefinitionReader - Loading XML bean definitions from class path resource [applicationContext.xml]
2015-09-01 04:15:27.736 [main] INFO  org.springframework.beans.factory.config.PropertyPlaceholderConfigurer - Loading properties file from URL [file:/E:/Other/simpleWeb/target/classes/jdbc.properties]
2015-09-01 04:15:27.786 [main] INFO  org.hibernate.validator.internal.util.Version - HV000001: Hibernate Validator 5.1.3.Final
2015-09-01 04:15:27.981 [main] INFO  com.mchange.v2.log.MLog - MLog clients using log4j logging.
2015-09-01 04:15:28.068 [main] INFO  com.mchange.v2.c3p0.C3P0Registry - Initializing c3p0-0.9.1.2 [built 21-May-2007 15:04:56; debug? true; trace: 10]
2015-09-01 04:15:28.897 [main] INFO  org.springframework.jmx.export.annotation.AnnotationMBeanExporter - Registering beans for JMX exposure on startup
2015-09-01 04:15:29.036 [main] INFO  main.Application - Starting Application on WIN-SFKL5881PS1 with PID 16808 (E:\Other\simpleWeb\target\classes started by Administrator in E:\Other\simpleWeb)
2015-09-01 04:15:29.046 [main] INFO  o.s.boot.context.embedded.AnnotationConfigEmbeddedWebApplicationContext - Refreshing org.springframework.boot.context.embedded.AnnotationConfigEmbeddedWebApplicationContext@3986d4a1: startup date [Tue Sep 01 04:15:29 CST 2015]; root of context hierarchy
2015-09-01 04:15:29.560 [main] INFO  org.springframework.beans.factory.support.DefaultListableBeanFactory - Overriding bean definition for bean 'beanNameViewResolver' with a different definition: replacing [Root bean: class [null]; scope=; abstract=false; lazyInit=false; autowireMode=3; dependencyCheck=0; autowireCandidate=true; primary=false; factoryBeanName=org.springframework.boot.autoconfigure.web.ErrorMvcAutoConfiguration$WhitelabelErrorViewConfiguration; factoryMethodName=beanNameViewResolver; initMethodName=null; destroyMethodName=(inferred); defined in class path resource [org/springframework/boot/autoconfigure/web/ErrorMvcAutoConfiguration$WhitelabelErrorViewConfiguration.class]] with [Root bean: class [null]; scope=; abstract=false; lazyInit=false; autowireMode=3; dependencyCheck=0; autowireCandidate=true; primary=false; factoryBeanName=org.springframework.boot.autoconfigure.web.WebMvcAutoConfiguration$WebMvcAutoConfigurationAdapter; factoryMethodName=beanNameViewResolver; initMethodName=null; destroyMethodName=(inferred); defined in class path resource [org/springframework/boot/autoconfigure/web/WebMvcAutoConfiguration$WebMvcAutoConfigurationAdapter.class]]
2015-09-01 04:15:29.702 [main] INFO  o.s.context.support.PostProcessorRegistrationDelegate$BeanPostProcessorChecker - Bean 'org.springframework.transaction.annotation.ProxyTransactionManagementConfiguration' of type [class org.springframework.transaction.annotation.ProxyTransactionManagementConfiguration$$EnhancerBySpringCGLIB$$1dd7ab64] is not eligible for getting processed by all BeanPostProcessors (for example: not eligible for auto-proxying)
2015-09-01 04:15:30.655 [main] INFO  org.springframework.boot.context.embedded.tomcat.TomcatEmbeddedServletContainer - Tomcat initialized with port(s): 8080 (http)
2015-09-01 04:15:30.887 [main] INFO  org.apache.catalina.core.StandardService - Starting service Tomcat
2015-09-01 04:15:30.887 [main] INFO  org.apache.catalina.core.StandardEngine - Starting Servlet Engine: Apache Tomcat/8.0.23
2015-09-01 04:15:31.375 [localhost-startStop-1] INFO  org.apache.catalina.core.ContainerBase.[Tomcat].[localhost].[/] - Initializing Spring embedded WebApplicationContext
2015-09-01 04:15:31.375 [localhost-startStop-1] INFO  org.springframework.web.context.ContextLoader - Root WebApplicationContext: initialization completed in 2329 ms
2015-09-01 04:15:36.856 [main] INFO  org.springframework.context.support.ClassPathXmlApplicationContext - Refreshing org.springframework.context.support.ClassPathXmlApplicationContext@6743bc0f: startup date [Tue Sep 01 04:15:36 CST 2015]; root of context hierarchy
2015-09-01 04:15:36.896 [main] INFO  org.springframework.beans.factory.xml.XmlBeanDefinitionReader - Loading XML bean definitions from class path resource [applicationContext.xml]
2015-09-01 04:19:11.778 [main] INFO  org.springframework.context.support.ClassPathXmlApplicationContext - Refreshing org.springframework.context.support.ClassPathXmlApplicationContext@7e060a88: startup date [Tue Sep 01 04:19:11 CST 2015]; root of context hierarchy
2015-09-01 04:19:11.825 [main] INFO  org.springframework.beans.factory.xml.XmlBeanDefinitionReader - Loading XML bean definitions from class path resource [applicationContext.xml]
2015-09-01 04:20:52.104 [main] INFO  org.springframework.context.support.ClassPathXmlApplicationContext - Refreshing org.springframework.context.support.ClassPathXmlApplicationContext@7171179a: startup date [Tue Sep 01 04:20:52 CST 2015]; root of context hierarchy
2015-09-01 04:20:52.152 [main] INFO  org.springframework.beans.factory.xml.XmlBeanDefinitionReader - Loading XML bean definitions from class path resource [applicationContext.xml]
2015-09-01 04:20:58.750 [main] INFO  org.springframework.context.support.ClassPathXmlApplicationContext - Refreshing org.springframework.context.support.ClassPathXmlApplicationContext@7171179a: startup date [Tue Sep 01 04:20:58 CST 2015]; root of context hierarchy
2015-09-01 04:20:58.798 [main] INFO  org.springframework.beans.factory.xml.XmlBeanDefinitionReader - Loading XML bean definitions from class path resource [applicationContext.xml]
2015-09-01 04:21:00.110 [main] INFO  org.springframework.beans.factory.config.PropertyPlaceholderConfigurer - Loading properties file from URL [file:/E:/Other/simpleWeb/target/classes/jdbc.properties]
2015-09-01 04:24:59.093 [main] INFO  org.springframework.context.support.ClassPathXmlApplicationContext - Refreshing org.springframework.context.support.ClassPathXmlApplicationContext@48a3abff: startup date [Tue Sep 01 04:24:59 CST 2015]; root of context hierarchy
2015-09-01 04:24:59.143 [main] INFO  org.springframework.beans.factory.xml.XmlBeanDefinitionReader - Loading XML bean definitions from class path resource [applicationContext.xml]
2015-09-01 04:25:00.470 [main] INFO  org.springframework.beans.factory.config.PropertyPlaceholderConfigurer - Loading properties file from URL [file:/E:/Other/simpleWeb/target/classes/jdbc.properties]
2015-09-01 04:25:46.647 [main] INFO  org.springframework.context.support.FileSystemXmlApplicationContext - Refreshing org.springframework.context.support.FileSystemXmlApplicationContext@7e060a88: startup date [Tue Sep 01 04:25:46 CST 2015]; root of context hierarchy
2015-09-01 04:25:46.692 [main] INFO  org.springframework.beans.factory.xml.XmlBeanDefinitionReader - Loading XML bean definitions from file [E:\Other\simpleWeb\target\classes\applicationContext.xml]
2015-09-01 04:25:47.943 [main] INFO  org.springframework.beans.factory.config.PropertyPlaceholderConfigurer - Loading properties file from URL [file:/E:/Other/simpleWeb/target/classes/jdbc.properties]
2015-09-01 04:26:00.040 [main] INFO  org.springframework.context.support.ClassPathXmlApplicationContext - Refreshing org.springframework.context.support.ClassPathXmlApplicationContext@7171179a: startup date [Tue Sep 01 04:26:00 CST 2015]; root of context hierarchy
2015-09-01 04:26:00.083 [main] INFO  org.springframework.beans.factory.xml.XmlBeanDefinitionReader - Loading XML bean definitions from class path resource [applicationContext.xml]
2015-09-01 04:26:01.356 [main] INFO  org.springframework.beans.factory.config.PropertyPlaceholderConfigurer - Loading properties file from URL [file:/E:/Other/simpleWeb/target/classes/jdbc.properties]
2015-09-01 04:26:12.672 [main] INFO  org.springframework.context.support.ClassPathXmlApplicationContext - Refreshing org.springframework.context.support.ClassPathXmlApplicationContext@7171179a: startup date [Tue Sep 01 04:26:12 CST 2015]; root of context hierarchy
2015-09-01 04:26:12.737 [main] INFO  org.springframework.beans.factory.xml.XmlBeanDefinitionReader - Loading XML bean definitions from class path resource [applicationContext.xml]
2015-09-01 04:26:13.038 [main] INFO  org.springframework.beans.factory.config.PropertyPlaceholderConfigurer - Loading properties file from URL [file:/E:/Other/simpleWeb/target/classes/jdbc.properties]
2015-09-01 04:26:13.110 [main] INFO  com.mchange.v2.log.MLog - MLog clients using log4j logging.
2015-09-01 04:26:13.205 [main] INFO  com.mchange.v2.c3p0.C3P0Registry - Initializing c3p0-0.9.1.2 [built 21-May-2007 15:04:56; debug? true; trace: 10]
2015-09-01 04:26:13.461 [main] INFO  main.Application - Starting Application on WIN-SFKL5881PS1 with PID 16184 (E:\Other\simpleWeb\target\classes started by Administrator in E:\Other\simpleWeb)
2015-09-01 04:26:13.480 [main] INFO  o.s.boot.context.embedded.AnnotationConfigEmbeddedWebApplicationContext - Refreshing org.springframework.boot.context.embedded.AnnotationConfigEmbeddedWebApplicationContext@74355c70: startup date [Tue Sep 01 04:26:13 CST 2015]; root of context hierarchy
2015-09-01 04:26:14.448 [main] INFO  org.springframework.beans.factory.support.DefaultListableBeanFactory - Overriding bean definition for bean 'beanNameViewResolver' with a different definition: replacing [Root bean: class [null]; scope=; abstract=false; lazyInit=false; autowireMode=3; dependencyCheck=0; autowireCandidate=true; primary=false; factoryBeanName=org.springframework.boot.autoconfigure.web.ErrorMvcAutoConfiguration$WhitelabelErrorViewConfiguration; factoryMethodName=beanNameViewResolver; initMethodName=null; destroyMethodName=(inferred); defined in class path resource [org/springframework/boot/autoconfigure/web/ErrorMvcAutoConfiguration$WhitelabelErrorViewConfiguration.class]] with [Root bean: class [null]; scope=; abstract=false; lazyInit=false; autowireMode=3; dependencyCheck=0; autowireCandidate=true; primary=false; factoryBeanName=org.springframework.boot.autoconfigure.web.WebMvcAutoConfiguration$WebMvcAutoConfigurationAdapter; factoryMethodName=beanNameViewResolver; initMethodName=null; destroyMethodName=(inferred); defined in class path resource [org/springframework/boot/autoconfigure/web/WebMvcAutoConfiguration$WebMvcAutoConfigurationAdapter.class]]
2015-09-01 04:26:15.047 [main] INFO  org.hibernate.validator.internal.util.Version - HV000001: Hibernate Validator 5.1.3.Final
2015-09-01 04:26:15.256 [main] INFO  o.s.context.support.PostProcessorRegistrationDelegate$BeanPostProcessorChecker - Bean 'org.springframework.transaction.annotation.ProxyTransactionManagementConfiguration' of type [class org.springframework.transaction.annotation.ProxyTransactionManagementConfiguration$$EnhancerBySpringCGLIB$$fedfdc11] is not eligible for getting processed by all BeanPostProcessors (for example: not eligible for auto-proxying)
2015-09-01 04:26:16.216 [main] INFO  org.springframework.boot.context.embedded.tomcat.TomcatEmbeddedServletContainer - Tomcat initialized with port(s): 8080 (http)
2015-09-01 04:26:16.414 [main] INFO  org.apache.catalina.core.StandardService - Starting service Tomcat
2015-09-01 04:26:16.416 [main] INFO  org.apache.catalina.core.StandardEngine - Starting Servlet Engine: Apache Tomcat/8.0.23
2015-09-01 04:26:16.523 [localhost-startStop-1] INFO  org.apache.catalina.core.ContainerBase.[Tomcat].[localhost].[/] - Initializing Spring embedded WebApplicationContext
2015-09-01 04:26:16.523 [localhost-startStop-1] INFO  org.springframework.web.context.ContextLoader - Root WebApplicationContext: initialization completed in 3044 ms
2015-09-01 04:26:18.380 [localhost-startStop-1] INFO  org.springframework.boot.context.embedded.ServletRegistrationBean - Mapping servlet: 'dispatcherServlet' to [/]
2015-09-01 04:26:18.384 [localhost-startStop-1] INFO  org.springframework.boot.context.embedded.FilterRegistrationBean - Mapping filter: 'characterEncodingFilter' to: [/*]
2015-09-01 04:26:18.385 [localhost-startStop-1] INFO  org.springframework.boot.context.embedded.FilterRegistrationBean - Mapping filter: 'hiddenHttpMethodFilter' to: [/*]
2015-09-01 04:26:18.617 [main] INFO  o.springframework.web.servlet.mvc.method.annotation.RequestMappingHandlerAdapter - Looking for @ControllerAdvice: org.springframework.boot.context.embedded.AnnotationConfigEmbeddedWebApplicationContext@74355c70: startup date [Tue Sep 01 04:26:13 CST 2015]; root of context hierarchy
2015-09-01 04:26:18.707 [main] INFO  o.springframework.web.servlet.mvc.method.annotation.RequestMappingHandlerMapping - Mapped "{[/greeting]}" onto public vo.Greeting controller.RoleController.greeting(java.lang.String)
2015-09-01 04:26:18.708 [main] INFO  o.springframework.web.servlet.mvc.method.annotation.RequestMappingHandlerMapping - Mapped "{[/]}" onto java.lang.String controller.RoleController.home()
2015-09-01 04:26:18.714 [main] INFO  o.springframework.web.servlet.mvc.method.annotation.RequestMappingHandlerMapping - Mapped "{[/error]}" onto public org.springframework.http.ResponseEntity<java.util.Map<java.lang.String, java.lang.Object>> org.springframework.boot.autoconfigure.web.BasicErrorController.error(javax.servlet.http.HttpServletRequest)
2015-09-01 04:26:18.715 [main] INFO  o.springframework.web.servlet.mvc.method.annotation.RequestMappingHandlerMapping - Mapped "{[/error],produces=[text/html]}" onto public org.springframework.web.servlet.ModelAndView org.springframework.boot.autoconfigure.web.BasicErrorController.errorHtml(javax.servlet.http.HttpServletRequest)
2015-09-01 04:26:18.778 [main] INFO  org.springframework.web.servlet.handler.SimpleUrlHandlerMapping - Mapped URL path [/**] onto handler of type [class org.springframework.web.servlet.resource.ResourceHttpRequestHandler]
2015-09-01 04:26:18.778 [main] INFO  org.springframework.web.servlet.handler.SimpleUrlHandlerMapping - Mapped URL path [/webjars/**] onto handler of type [class org.springframework.web.servlet.resource.ResourceHttpRequestHandler]
2015-09-01 04:26:18.848 [main] INFO  org.springframework.web.servlet.handler.SimpleUrlHandlerMapping - Mapped URL path [/**/favicon.ico] onto handler of type [class org.springframework.web.servlet.resource.ResourceHttpRequestHandler]
2015-09-01 04:26:21.530 [main] INFO  org.springframework.jmx.export.annotation.AnnotationMBeanExporter - Registering beans for JMX exposure on startup
2015-09-01 04:26:21.627 [main] INFO  org.apache.coyote.http11.Http11NioProtocol - Initializing ProtocolHandler ["http-nio-8080"]
2015-09-01 04:26:21.638 [main] INFO  org.apache.coyote.http11.Http11NioProtocol - Starting ProtocolHandler ["http-nio-8080"]
2015-09-01 04:26:21.657 [main] INFO  org.apache.tomcat.util.net.NioSelectorPool - Using a shared selector for servlet write/read
2015-09-01 04:26:21.682 [main] INFO  org.springframework.boot.context.embedded.tomcat.TomcatEmbeddedServletContainer - Tomcat started on port(s): 8080 (http)
2015-09-01 04:26:21.685 [main] INFO  main.Application - Started Application in 8.34 seconds (JVM running for 9.424)
2015-09-01 04:26:32.713 [main] INFO  org.springframework.context.support.ClassPathXmlApplicationContext - Refreshing org.springframework.context.support.ClassPathXmlApplicationContext@37c4b9a5: startup date [Tue Sep 01 04:26:32 CST 2015]; root of context hierarchy
2015-09-01 04:26:32.751 [main] INFO  org.springframework.beans.factory.xml.XmlBeanDefinitionReader - Loading XML bean definitions from class path resource [applicationContext.xml]
2015-09-01 04:26:33.074 [main] INFO  org.springframework.beans.factory.config.PropertyPlaceholderConfigurer - Loading properties file from URL [file:/E:/Other/simpleWeb/target/classes/jdbc.properties]
2015-09-01 04:26:33.136 [main] INFO  com.mchange.v2.log.MLog - MLog clients using log4j logging.
2015-09-01 04:26:33.229 [main] INFO  com.mchange.v2.c3p0.C3P0Registry - Initializing c3p0-0.9.1.2 [built 21-May-2007 15:04:56; debug? true; trace: 10]
2015-09-01 04:26:33.503 [main] INFO  main.Application - Starting Application on WIN-SFKL5881PS1 with PID 12772 (E:\Other\simpleWeb\target\classes started by Administrator in E:\Other\simpleWeb)
2015-09-01 04:26:33.520 [main] INFO  o.s.boot.context.embedded.AnnotationConfigEmbeddedWebApplicationContext - Refreshing org.springframework.boot.context.embedded.AnnotationConfigEmbeddedWebApplicationContext@5b47f8aa: startup date [Tue Sep 01 04:26:33 CST 2015]; root of context hierarchy
2015-09-01 04:26:34.565 [main] INFO  org.springframework.beans.factory.support.DefaultListableBeanFactory - Overriding bean definition for bean 'beanNameViewResolver' with a different definition: replacing [Root bean: class [null]; scope=; abstract=false; lazyInit=false; autowireMode=3; dependencyCheck=0; autowireCandidate=true; primary=false; factoryBeanName=org.springframework.boot.autoconfigure.web.ErrorMvcAutoConfiguration$WhitelabelErrorViewConfiguration; factoryMethodName=beanNameViewResolver; initMethodName=null; destroyMethodName=(inferred); defined in class path resource [org/springframework/boot/autoconfigure/web/ErrorMvcAutoConfiguration$WhitelabelErrorViewConfiguration.class]] with [Root bean: class [null]; scope=; abstract=false; lazyInit=false; autowireMode=3; dependencyCheck=0; autowireCandidate=true; primary=false; factoryBeanName=org.springframework.boot.autoconfigure.web.WebMvcAutoConfiguration$WebMvcAutoConfigurationAdapter; factoryMethodName=beanNameViewResolver; initMethodName=null; destroyMethodName=(inferred); defined in class path resource [org/springframework/boot/autoconfigure/web/WebMvcAutoConfiguration$WebMvcAutoConfigurationAdapter.class]]
2015-09-01 04:26:35.046 [main] INFO  org.hibernate.validator.internal.util.Version - HV000001: Hibernate Validator 5.1.3.Final
2015-09-01 04:26:35.248 [main] INFO  o.s.context.support.PostProcessorRegistrationDelegate$BeanPostProcessorChecker - Bean 'org.springframework.transaction.annotation.ProxyTransactionManagementConfiguration' of type [class org.springframework.transaction.annotation.ProxyTransactionManagementConfiguration$$EnhancerBySpringCGLIB$$b46741aa] is not eligible for getting processed by all BeanPostProcessors (for example: not eligible for auto-proxying)
2015-09-01 04:26:48.746 [main] INFO  org.springframework.context.support.ClassPathXmlApplicationContext - Refreshing org.springframework.context.support.ClassPathXmlApplicationContext@7171179a: startup date [Tue Sep 01 04:26:48 CST 2015]; root of context hierarchy
2015-09-01 04:26:48.796 [main] INFO  org.springframework.beans.factory.xml.XmlBeanDefinitionReader - Loading XML bean definitions from class path resource [applicationContext.xml]
2015-09-01 04:26:49.113 [main] INFO  org.springframework.beans.factory.config.PropertyPlaceholderConfigurer - Loading properties file from URL [file:/E:/Other/simpleWeb/target/classes/jdbc.properties]
2015-09-01 04:26:49.174 [main] INFO  com.mchange.v2.log.MLog - MLog clients using log4j logging.
2015-09-01 04:26:49.265 [main] INFO  com.mchange.v2.c3p0.C3P0Registry - Initializing c3p0-0.9.1.2 [built 21-May-2007 15:04:56; debug? true; trace: 10]
2015-09-01 04:26:49.544 [main] INFO  main.Application - Starting Application on WIN-SFKL5881PS1 with PID 16852 (E:\Other\simpleWeb\target\classes started by Administrator in E:\Other\simpleWeb)
2015-09-01 04:26:49.558 [main] INFO  o.s.boot.context.embedded.AnnotationConfigEmbeddedWebApplicationContext - Refreshing org.springframework.boot.context.embedded.AnnotationConfigEmbeddedWebApplicationContext@5b47f8aa: startup date [Tue Sep 01 04:26:49 CST 2015]; root of context hierarchy
2015-09-01 04:26:50.752 [main] INFO  org.springframework.beans.factory.support.DefaultListableBeanFactory - Overriding bean definition for bean 'beanNameViewResolver' with a different definition: replacing [Root bean: class [null]; scope=; abstract=false; lazyInit=false; autowireMode=3; dependencyCheck=0; autowireCandidate=true; primary=false; factoryBeanName=org.springframework.boot.autoconfigure.web.ErrorMvcAutoConfiguration$WhitelabelErrorViewConfiguration; factoryMethodName=beanNameViewResolver; initMethodName=null; destroyMethodName=(inferred); defined in class path resource [org/springframework/boot/autoconfigure/web/ErrorMvcAutoConfiguration$WhitelabelErrorViewConfiguration.class]] with [Root bean: class [null]; scope=; abstract=false; lazyInit=false; autowireMode=3; dependencyCheck=0; autowireCandidate=true; primary=false; factoryBeanName=org.springframework.boot.autoconfigure.web.WebMvcAutoConfiguration$WebMvcAutoConfigurationAdapter; factoryMethodName=beanNameViewResolver; initMethodName=null; destroyMethodName=(inferred); defined in class path resource [org/springframework/boot/autoconfigure/web/WebMvcAutoConfiguration$WebMvcAutoConfigurationAdapter.class]]
2015-09-01 04:26:51.116 [main] INFO  org.hibernate.validator.internal.util.Version - HV000001: Hibernate Validator 5.1.3.Final
2015-09-01 04:26:51.243 [main] INFO  o.s.context.support.PostProcessorRegistrationDelegate$BeanPostProcessorChecker - Bean 'org.springframework.transaction.annotation.ProxyTransactionManagementConfiguration' of type [class org.springframework.transaction.annotation.ProxyTransactionManagementConfiguration$$EnhancerBySpringCGLIB$$224237e6] is not eligible for getting processed by all BeanPostProcessors (for example: not eligible for auto-proxying)
2015-09-01 04:27:02.031 [main] INFO  org.springframework.context.support.ClassPathXmlApplicationContext - Refreshing org.springframework.context.support.ClassPathXmlApplicationContext@7171179a: startup date [Tue Sep 01 04:27:02 CST 2015]; root of context hierarchy
2015-09-01 04:27:02.081 [main] INFO  org.springframework.beans.factory.xml.XmlBeanDefinitionReader - Loading XML bean definitions from class path resource [applicationContext.xml]
2015-09-01 04:27:02.409 [main] INFO  org.springframework.beans.factory.config.PropertyPlaceholderConfigurer - Loading properties file from URL [file:/E:/Other/simpleWeb/target/classes/jdbc.properties]
2015-09-01 04:27:02.469 [main] INFO  com.mchange.v2.log.MLog - MLog clients using log4j logging.
2015-09-01 04:27:02.570 [main] INFO  com.mchange.v2.c3p0.C3P0Registry - Initializing c3p0-0.9.1.2 [built 21-May-2007 15:04:56; debug? true; trace: 10]
2015-09-01 04:27:02.834 [main] INFO  main.Application - Starting Application on WIN-SFKL5881PS1 with PID 15148 (E:\Other\simpleWeb\target\classes started by Administrator in E:\Other\simpleWeb)
2015-09-01 04:27:02.849 [main] INFO  o.s.boot.context.embedded.AnnotationConfigEmbeddedWebApplicationContext - Refreshing org.springframework.boot.context.embedded.AnnotationConfigEmbeddedWebApplicationContext@5b47f8aa: startup date [Tue Sep 01 04:27:02 CST 2015]; root of context hierarchy
2015-09-01 04:27:03.884 [main] INFO  org.springframework.beans.factory.support.DefaultListableBeanFactory - Overriding bean definition for bean 'beanNameViewResolver' with a different definition: replacing [Root bean: class [null]; scope=; abstract=false; lazyInit=false; autowireMode=3; dependencyCheck=0; autowireCandidate=true; primary=false; factoryBeanName=org.springframework.boot.autoconfigure.web.ErrorMvcAutoConfiguration$WhitelabelErrorViewConfiguration; factoryMethodName=beanNameViewResolver; initMethodName=null; destroyMethodName=(inferred); defined in class path resource [org/springframework/boot/autoconfigure/web/ErrorMvcAutoConfiguration$WhitelabelErrorViewConfiguration.class]] with [Root bean: class [null]; scope=; abstract=false; lazyInit=false; autowireMode=3; dependencyCheck=0; autowireCandidate=true; primary=false; factoryBeanName=org.springframework.boot.autoconfigure.web.WebMvcAutoConfiguration$WebMvcAutoConfigurationAdapter; factoryMethodName=beanNameViewResolver; initMethodName=null; destroyMethodName=(inferred); defined in class path resource [org/springframework/boot/autoconfigure/web/WebMvcAutoConfiguration$WebMvcAutoConfigurationAdapter.class]]
2015-09-01 04:27:04.337 [main] INFO  org.hibernate.validator.internal.util.Version - HV000001: Hibernate Validator 5.1.3.Final
2015-09-01 04:27:04.510 [main] INFO  o.s.context.support.PostProcessorRegistrationDelegate$BeanPostProcessorChecker - Bean 'org.springframework.transaction.annotation.ProxyTransactionManagementConfiguration' of type [class org.springframework.transaction.annotation.ProxyTransactionManagementConfiguration$$EnhancerBySpringCGLIB$$b46741aa] is not eligible for getting processed by all BeanPostProcessors (for example: not eligible for auto-proxying)
2015-09-01 04:27:35.696 [main] INFO  org.springframework.context.support.ClassPathXmlApplicationContext - Refreshing org.springframework.context.support.ClassPathXmlApplicationContext@37c4b9a5: startup date [Tue Sep 01 04:27:35 CST 2015]; root of context hierarchy
2015-09-01 04:27:35.743 [main] INFO  org.springframework.beans.factory.xml.XmlBeanDefinitionReader - Loading XML bean definitions from class path resource [applicationContext.xml]
2015-09-01 04:27:36.044 [main] INFO  org.springframework.beans.factory.config.PropertyPlaceholderConfigurer - Loading properties file from URL [file:/E:/Other/simpleWeb/target/classes/jdbc.properties]
2015-09-01 04:27:36.103 [main] INFO  com.mchange.v2.log.MLog - MLog clients using log4j logging.
2015-09-01 04:27:36.207 [main] INFO  com.mchange.v2.c3p0.C3P0Registry - Initializing c3p0-0.9.1.2 [built 21-May-2007 15:04:56; debug? true; trace: 10]
2015-09-01 04:27:36.462 [main] INFO  main.Application - Starting Application on WIN-SFKL5881PS1 with PID 15720 (E:\Other\simpleWeb\target\classes started by Administrator in E:\Other\simpleWeb)
2015-09-01 04:27:36.476 [main] INFO  o.s.boot.context.embedded.AnnotationConfigEmbeddedWebApplicationContext - Refreshing org.springframework.boot.context.embedded.AnnotationConfigEmbeddedWebApplicationContext@5b47f8aa: startup date [Tue Sep 01 04:27:36 CST 2015]; root of context hierarchy
2015-09-01 04:27:37.478 [main] INFO  org.springframework.beans.factory.support.DefaultListableBeanFactory - Overriding bean definition for bean 'beanNameViewResolver' with a different definition: replacing [Root bean: class [null]; scope=; abstract=false; lazyInit=false; autowireMode=3; dependencyCheck=0; autowireCandidate=true; primary=false; factoryBeanName=org.springframework.boot.autoconfigure.web.ErrorMvcAutoConfiguration$WhitelabelErrorViewConfiguration; factoryMethodName=beanNameViewResolver; initMethodName=null; destroyMethodName=(inferred); defined in class path resource [org/springframework/boot/autoconfigure/web/ErrorMvcAutoConfiguration$WhitelabelErrorViewConfiguration.class]] with [Root bean: class [null]; scope=; abstract=false; lazyInit=false; autowireMode=3; dependencyCheck=0; autowireCandidate=true; primary=false; factoryBeanName=org.springframework.boot.autoconfigure.web.WebMvcAutoConfiguration$WebMvcAutoConfigurationAdapter; factoryMethodName=beanNameViewResolver; initMethodName=null; destroyMethodName=(inferred); defined in class path resource [org/springframework/boot/autoconfigure/web/WebMvcAutoConfiguration$WebMvcAutoConfigurationAdapter.class]]
2015-09-01 04:27:38.035 [main] INFO  org.hibernate.validator.internal.util.Version - HV000001: Hibernate Validator 5.1.3.Final
2015-09-01 04:27:38.219 [main] INFO  o.s.context.support.PostProcessorRegistrationDelegate$BeanPostProcessorChecker - Bean 'org.springframework.transaction.annotation.ProxyTransactionManagementConfiguration' of type [class org.springframework.transaction.annotation.ProxyTransactionManagementConfiguration$$EnhancerBySpringCGLIB$$224237e6] is not eligible for getting processed by all BeanPostProcessors (for example: not eligible for auto-proxying)
2015-09-01 04:27:39.647 [main] INFO  org.springframework.boot.context.embedded.tomcat.TomcatEmbeddedServletContainer - Tomcat initialized with port(s): 8080 (http)
2015-09-01 04:27:39.827 [main] INFO  org.apache.catalina.core.StandardService - Starting service Tomcat
2015-09-01 04:27:39.828 [main] INFO  org.apache.catalina.core.StandardEngine - Starting Servlet Engine: Apache Tomcat/8.0.23
2015-09-01 04:27:39.925 [localhost-startStop-1] INFO  org.apache.catalina.core.ContainerBase.[Tomcat].[localhost].[/] - Initializing Spring embedded WebApplicationContext
2015-09-01 04:27:39.926 [localhost-startStop-1] INFO  org.springframework.web.context.ContextLoader - Root WebApplicationContext: initialization completed in 3450 ms
2015-09-01 04:27:41.397 [localhost-startStop-1] INFO  org.springframework.boot.context.embedded.ServletRegistrationBean - Mapping servlet: 'dispatcherServlet' to [/]
2015-09-01 04:27:41.402 [localhost-startStop-1] INFO  org.springframework.boot.context.embedded.FilterRegistrationBean - Mapping filter: 'characterEncodingFilter' to: [/*]
2015-09-01 04:27:41.403 [localhost-startStop-1] INFO  org.springframework.boot.context.embedded.FilterRegistrationBean - Mapping filter: 'hiddenHttpMethodFilter' to: [/*]
2015-09-01 04:27:41.651 [main] INFO  o.springframework.web.servlet.mvc.method.annotation.RequestMappingHandlerAdapter - Looking for @ControllerAdvice: org.springframework.boot.context.embedded.AnnotationConfigEmbeddedWebApplicationContext@5b47f8aa: startup date [Tue Sep 01 04:27:36 CST 2015]; root of context hierarchy
2015-09-01 04:27:41.738 [main] INFO  o.springframework.web.servlet.mvc.method.annotation.RequestMappingHandlerMapping - Mapped "{[/greeting]}" onto public vo.Greeting controller.RoleController.greeting(java.lang.String)
2015-09-01 04:27:41.739 [main] INFO  o.springframework.web.servlet.mvc.method.annotation.RequestMappingHandlerMapping - Mapped "{[/]}" onto java.lang.String controller.RoleController.home()
2015-09-01 04:27:41.748 [main] INFO  o.springframework.web.servlet.mvc.method.annotation.RequestMappingHandlerMapping - Mapped "{[/error]}" onto public org.springframework.http.ResponseEntity<java.util.Map<java.lang.String, java.lang.Object>> org.springframework.boot.autoconfigure.web.BasicErrorController.error(javax.servlet.http.HttpServletRequest)
2015-09-01 04:27:41.749 [main] INFO  o.springframework.web.servlet.mvc.method.annotation.RequestMappingHandlerMapping - Mapped "{[/error],produces=[text/html]}" onto public org.springframework.web.servlet.ModelAndView org.springframework.boot.autoconfigure.web.BasicErrorController.errorHtml(javax.servlet.http.HttpServletRequest)
2015-09-01 04:27:41.806 [main] INFO  org.springframework.web.servlet.handler.SimpleUrlHandlerMapping - Mapped URL path [/**] onto handler of type [class org.springframework.web.servlet.resource.ResourceHttpRequestHandler]
2015-09-01 04:27:41.806 [main] INFO  org.springframework.web.servlet.handler.SimpleUrlHandlerMapping - Mapped URL path [/webjars/**] onto handler of type [class org.springframework.web.servlet.resource.ResourceHttpRequestHandler]
2015-09-01 04:27:41.915 [main] INFO  org.springframework.web.servlet.handler.SimpleUrlHandlerMapping - Mapped URL path [/**/favicon.ico] onto handler of type [class org.springframework.web.servlet.resource.ResourceHttpRequestHandler]
2015-09-01 04:27:43.051 [main] INFO  org.springframework.jmx.export.annotation.AnnotationMBeanExporter - Registering beans for JMX exposure on startup
2015-09-01 04:27:43.114 [main] INFO  org.apache.coyote.http11.Http11NioProtocol - Initializing ProtocolHandler ["http-nio-8080"]
2015-09-01 04:27:43.124 [main] INFO  org.apache.coyote.http11.Http11NioProtocol - Starting ProtocolHandler ["http-nio-8080"]
2015-09-01 04:27:43.139 [main] INFO  org.apache.tomcat.util.net.NioSelectorPool - Using a shared selector for servlet write/read
2015-09-01 04:27:43.163 [main] INFO  org.springframework.boot.context.embedded.tomcat.TomcatEmbeddedServletContainer - Tomcat started on port(s): 8080 (http)
2015-09-01 04:27:43.166 [main] INFO  main.Application - Started Application in 6.813 seconds (JVM running for 7.876)
2015-09-01 04:27:52.277 [main] INFO  controller.RoleController - Starting RoleController on WIN-SFKL5881PS1 with PID 15532 (E:\Other\simpleWeb\target\classes started by Administrator in E:\Other\simpleWeb)
2015-09-01 04:27:52.318 [main] INFO  o.s.boot.context.embedded.AnnotationConfigEmbeddedWebApplicationContext - Refreshing org.springframework.boot.context.embedded.AnnotationConfigEmbeddedWebApplicationContext@19264fa9: startup date [Tue Sep 01 04:27:52 CST 2015]; root of context hierarchy
2015-09-01 04:27:53.490 [main] INFO  org.springframework.beans.factory.support.DefaultListableBeanFactory - Overriding bean definition for bean 'beanNameViewResolver' with a different definition: replacing [Root bean: class [null]; scope=; abstract=false; lazyInit=false; autowireMode=3; dependencyCheck=0; autowireCandidate=true; primary=false; factoryBeanName=org.springframework.boot.autoconfigure.web.ErrorMvcAutoConfiguration$WhitelabelErrorViewConfiguration; factoryMethodName=beanNameViewResolver; initMethodName=null; destroyMethodName=(inferred); defined in class path resource [org/springframework/boot/autoconfigure/web/ErrorMvcAutoConfiguration$WhitelabelErrorViewConfiguration.class]] with [Root bean: class [null]; scope=; abstract=false; lazyInit=false; autowireMode=3; dependencyCheck=0; autowireCandidate=true; primary=false; factoryBeanName=org.springframework.boot.autoconfigure.web.WebMvcAutoConfiguration$WebMvcAutoConfigurationAdapter; factoryMethodName=beanNameViewResolver; initMethodName=null; destroyMethodName=(inferred); defined in class path resource [org/springframework/boot/autoconfigure/web/WebMvcAutoConfiguration$WebMvcAutoConfigurationAdapter.class]]
2015-09-01 04:27:54.206 [main] INFO  org.hibernate.validator.internal.util.Version - HV000001: Hibernate Validator 5.1.3.Final
2015-09-01 04:27:54.349 [main] INFO  o.s.context.support.PostProcessorRegistrationDelegate$BeanPostProcessorChecker - Bean 'org.springframework.transaction.annotation.ProxyTransactionManagementConfiguration' of type [class org.springframework.transaction.annotation.ProxyTransactionManagementConfiguration$$EnhancerBySpringCGLIB$$b28db5b7] is not eligible for getting processed by all BeanPostProcessors (for example: not eligible for auto-proxying)
2015-09-01 04:28:04.630 [main] INFO  controller.RoleController - Starting RoleController on WIN-SFKL5881PS1 with PID 14688 (E:\Other\simpleWeb\target\classes started by Administrator in E:\Other\simpleWeb)
2015-09-01 04:28:04.663 [main] INFO  o.s.boot.context.embedded.AnnotationConfigEmbeddedWebApplicationContext - Refreshing org.springframework.boot.context.embedded.AnnotationConfigEmbeddedWebApplicationContext@5f3afac7: startup date [Tue Sep 01 04:28:04 CST 2015]; root of context hierarchy
2015-09-01 04:28:05.935 [main] INFO  org.springframework.beans.factory.support.DefaultListableBeanFactory - Overriding bean definition for bean 'beanNameViewResolver' with a different definition: replacing [Root bean: class [null]; scope=; abstract=false; lazyInit=false; autowireMode=3; dependencyCheck=0; autowireCandidate=true; primary=false; factoryBeanName=org.springframework.boot.autoconfigure.web.ErrorMvcAutoConfiguration$WhitelabelErrorViewConfiguration; factoryMethodName=beanNameViewResolver; initMethodName=null; destroyMethodName=(inferred); defined in class path resource [org/springframework/boot/autoconfigure/web/ErrorMvcAutoConfiguration$WhitelabelErrorViewConfiguration.class]] with [Root bean: class [null]; scope=; abstract=false; lazyInit=false; autowireMode=3; dependencyCheck=0; autowireCandidate=true; primary=false; factoryBeanName=org.springframework.boot.autoconfigure.web.WebMvcAutoConfiguration$WebMvcAutoConfigurationAdapter; factoryMethodName=beanNameViewResolver; initMethodName=null; destroyMethodName=(inferred); defined in class path resource [org/springframework/boot/autoconfigure/web/WebMvcAutoConfiguration$WebMvcAutoConfigurationAdapter.class]]
2015-09-01 04:28:06.274 [main] INFO  org.hibernate.validator.internal.util.Version - HV000001: Hibernate Validator 5.1.3.Final
2015-09-01 04:28:06.436 [main] INFO  o.s.context.support.PostProcessorRegistrationDelegate$BeanPostProcessorChecker - Bean 'org.springframework.transaction.annotation.ProxyTransactionManagementConfiguration' of type [class org.springframework.transaction.annotation.ProxyTransactionManagementConfiguration$$EnhancerBySpringCGLIB$$7b8af365] is not eligible for getting processed by all BeanPostProcessors (for example: not eligible for auto-proxying)
2015-09-01 04:28:52.012 [main] INFO  controller.RoleController - Starting RoleController on WIN-SFKL5881PS1 with PID 16180 (E:\Other\simpleWeb\target\classes started by Administrator in E:\Other\simpleWeb)
2015-09-01 04:28:52.049 [main] INFO  o.s.boot.context.embedded.AnnotationConfigEmbeddedWebApplicationContext - Refreshing org.springframework.boot.context.embedded.AnnotationConfigEmbeddedWebApplicationContext@19264fa9: startup date [Tue Sep 01 04:28:52 CST 2015]; root of context hierarchy
2015-09-01 04:28:53.298 [main] INFO  org.springframework.beans.factory.support.DefaultListableBeanFactory - Overriding bean definition for bean 'beanNameViewResolver' with a different definition: replacing [Root bean: class [null]; scope=; abstract=false; lazyInit=false; autowireMode=3; dependencyCheck=0; autowireCandidate=true; primary=false; factoryBeanName=org.springframework.boot.autoconfigure.web.ErrorMvcAutoConfiguration$WhitelabelErrorViewConfiguration; factoryMethodName=beanNameViewResolver; initMethodName=null; destroyMethodName=(inferred); defined in class path resource [org/springframework/boot/autoconfigure/web/ErrorMvcAutoConfiguration$WhitelabelErrorViewConfiguration.class]] with [Root bean: class [null]; scope=; abstract=false; lazyInit=false; autowireMode=3; dependencyCheck=0; autowireCandidate=true; primary=false; factoryBeanName=org.springframework.boot.autoconfigure.web.WebMvcAutoConfiguration$WebMvcAutoConfigurationAdapter; factoryMethodName=beanNameViewResolver; initMethodName=null; destroyMethodName=(inferred); defined in class path resource [org/springframework/boot/autoconfigure/web/WebMvcAutoConfiguration$WebMvcAutoConfigurationAdapter.class]]
2015-09-01 04:28:53.634 [main] INFO  org.hibernate.validator.internal.util.Version - HV000001: Hibernate Validator 5.1.3.Final
2015-09-01 04:28:53.795 [main] INFO  o.s.context.support.PostProcessorRegistrationDelegate$BeanPostProcessorChecker - Bean 'org.springframework.transaction.annotation.ProxyTransactionManagementConfiguration' of type [class org.springframework.transaction.annotation.ProxyTransactionManagementConfiguration$$EnhancerBySpringCGLIB$$7b8af365] is not eligible for getting processed by all BeanPostProcessors (for example: not eligible for auto-proxying)
2015-09-01 04:29:29.881 [main] INFO  org.springframework.context.support.ClassPathXmlApplicationContext - Refreshing org.springframework.context.support.ClassPathXmlApplicationContext@7171179a: startup date [Tue Sep 01 04:29:29 CST 2015]; root of context hierarchy
2015-09-01 04:29:29.931 [main] INFO  org.springframework.beans.factory.xml.XmlBeanDefinitionReader - Loading XML bean definitions from class path resource [applicationContext.xml]
2015-09-01 04:29:30.255 [main] INFO  org.springframework.beans.factory.config.PropertyPlaceholderConfigurer - Loading properties file from URL [file:/E:/Other/simpleWeb/target/classes/jdbc.properties]
2015-09-01 04:29:30.324 [main] INFO  com.mchange.v2.log.MLog - MLog clients using log4j logging.
2015-09-01 04:29:30.422 [main] INFO  com.mchange.v2.c3p0.C3P0Registry - Initializing c3p0-0.9.1.2 [built 21-May-2007 15:04:56; debug? true; trace: 10]
2015-09-01 04:29:30.701 [main] INFO  main.Application - Starting Application on WIN-SFKL5881PS1 with PID 17376 (E:\Other\simpleWeb\target\classes started by Administrator in E:\Other\simpleWeb)
2015-09-01 04:29:30.716 [main] INFO  o.s.boot.context.embedded.AnnotationConfigEmbeddedWebApplicationContext - Refreshing org.springframework.boot.context.embedded.AnnotationConfigEmbeddedWebApplicationContext@74355c70: startup date [Tue Sep 01 04:29:30 CST 2015]; root of context hierarchy
2015-09-01 04:29:31.726 [main] INFO  org.springframework.beans.factory.support.DefaultListableBeanFactory - Overriding bean definition for bean 'beanNameViewResolver' with a different definition: replacing [Root bean: class [null]; scope=; abstract=false; lazyInit=false; autowireMode=3; dependencyCheck=0; autowireCandidate=true; primary=false; factoryBeanName=org.springframework.boot.autoconfigure.web.ErrorMvcAutoConfiguration$WhitelabelErrorViewConfiguration; factoryMethodName=beanNameViewResolver; initMethodName=null; destroyMethodName=(inferred); defined in class path resource [org/springframework/boot/autoconfigure/web/ErrorMvcAutoConfiguration$WhitelabelErrorViewConfiguration.class]] with [Root bean: class [null]; scope=; abstract=false; lazyInit=false; autowireMode=3; dependencyCheck=0; autowireCandidate=true; primary=false; factoryBeanName=org.springframework.boot.autoconfigure.web.WebMvcAutoConfiguration$WebMvcAutoConfigurationAdapter; factoryMethodName=beanNameViewResolver; initMethodName=null; destroyMethodName=(inferred); defined in class path resource [org/springframework/boot/autoconfigure/web/WebMvcAutoConfiguration$WebMvcAutoConfigurationAdapter.class]]
2015-09-01 04:29:32.201 [main] INFO  org.hibernate.validator.internal.util.Version - HV000001: Hibernate Validator 5.1.3.Final
2015-09-01 04:29:32.374 [main] INFO  o.s.context.support.PostProcessorRegistrationDelegate$BeanPostProcessorChecker - Bean 'org.springframework.transaction.annotation.ProxyTransactionManagementConfiguration' of type [class org.springframework.transaction.annotation.ProxyTransactionManagementConfiguration$$EnhancerBySpringCGLIB$$fedfdc11] is not eligible for getting processed by all BeanPostProcessors (for example: not eligible for auto-proxying)
2015-09-01 04:29:33.437 [main] INFO  org.springframework.boot.context.embedded.tomcat.TomcatEmbeddedServletContainer - Tomcat initialized with port(s): 8080 (http)
2015-09-01 04:29:33.647 [main] INFO  org.apache.catalina.core.StandardService - Starting service Tomcat
2015-09-01 04:29:33.651 [main] INFO  org.apache.catalina.core.StandardEngine - Starting Servlet Engine: Apache Tomcat/8.0.23
2015-09-01 04:29:33.780 [localhost-startStop-1] INFO  org.apache.catalina.core.ContainerBase.[Tomcat].[localhost].[/] - Initializing Spring embedded WebApplicationContext
2015-09-01 04:29:33.781 [localhost-startStop-1] INFO  org.springframework.web.context.ContextLoader - Root WebApplicationContext: initialization completed in 3065 ms
2015-09-01 04:29:46.924 [main] INFO  org.springframework.context.support.ClassPathXmlApplicationContext - Refreshing org.springframework.context.support.ClassPathXmlApplicationContext@37c4b9a5: startup date [Tue Sep 01 04:29:46 CST 2015]; root of context hierarchy
2015-09-01 04:29:46.999 [main] INFO  org.springframework.beans.factory.xml.XmlBeanDefinitionReader - Loading XML bean definitions from class path resource [applicationContext.xml]
2015-09-01 04:29:47.299 [main] INFO  org.springframework.beans.factory.config.PropertyPlaceholderConfigurer - Loading properties file from URL [file:/E:/Other/simpleWeb/target/classes/jdbc.properties]
2015-09-01 04:29:47.364 [main] INFO  com.mchange.v2.log.MLog - MLog clients using log4j logging.
2015-09-01 04:29:47.465 [main] INFO  com.mchange.v2.c3p0.C3P0Registry - Initializing c3p0-0.9.1.2 [built 21-May-2007 15:04:56; debug? true; trace: 10]
2015-09-01 04:29:47.733 [main] INFO  main.Application - Starting Application on WIN-SFKL5881PS1 with PID 16444 (E:\Other\simpleWeb\target\classes started by Administrator in E:\Other\simpleWeb)
2015-09-01 04:29:47.749 [main] INFO  o.s.boot.context.embedded.AnnotationConfigEmbeddedWebApplicationContext - Refreshing org.springframework.boot.context.embedded.AnnotationConfigEmbeddedWebApplicationContext@74355c70: startup date [Tue Sep 01 04:29:47 CST 2015]; root of context hierarchy
2015-09-01 04:29:48.765 [main] INFO  org.springframework.beans.factory.support.DefaultListableBeanFactory - Overriding bean definition for bean 'beanNameViewResolver' with a different definition: replacing [Root bean: class [null]; scope=; abstract=false; lazyInit=false; autowireMode=3; dependencyCheck=0; autowireCandidate=true; primary=false; factoryBeanName=org.springframework.boot.autoconfigure.web.ErrorMvcAutoConfiguration$WhitelabelErrorViewConfiguration; factoryMethodName=beanNameViewResolver; initMethodName=null; destroyMethodName=(inferred); defined in class path resource [org/springframework/boot/autoconfigure/web/ErrorMvcAutoConfiguration$WhitelabelErrorViewConfiguration.class]] with [Root bean: class [null]; scope=; abstract=false; lazyInit=false; autowireMode=3; dependencyCheck=0; autowireCandidate=true; primary=false; factoryBeanName=org.springframework.boot.autoconfigure.web.WebMvcAutoConfiguration$WebMvcAutoConfigurationAdapter; factoryMethodName=beanNameViewResolver; initMethodName=null; destroyMethodName=(inferred); defined in class path resource [org/springframework/boot/autoconfigure/web/WebMvcAutoConfiguration$WebMvcAutoConfigurationAdapter.class]]
2015-09-01 04:30:18.490 [main] INFO  controller.RoleController - Starting RoleController on WIN-SFKL5881PS1 with PID 5740 (E:\Other\simpleWeb\target\classes started by Administrator in E:\Other\simpleWeb)
2015-09-01 04:30:18.525 [main] INFO  o.s.boot.context.embedded.AnnotationConfigEmbeddedWebApplicationContext - Refreshing org.springframework.boot.context.embedded.AnnotationConfigEmbeddedWebApplicationContext@19264fa9: startup date [Tue Sep 01 04:30:18 CST 2015]; root of context hierarchy
2015-09-01 04:30:19.784 [main] INFO  org.springframework.beans.factory.support.DefaultListableBeanFactory - Overriding bean definition for bean 'beanNameViewResolver' with a different definition: replacing [Root bean: class [null]; scope=; abstract=false; lazyInit=false; autowireMode=3; dependencyCheck=0; autowireCandidate=true; primary=false; factoryBeanName=org.springframework.boot.autoconfigure.web.ErrorMvcAutoConfiguration$WhitelabelErrorViewConfiguration; factoryMethodName=beanNameViewResolver; initMethodName=null; destroyMethodName=(inferred); defined in class path resource [org/springframework/boot/autoconfigure/web/ErrorMvcAutoConfiguration$WhitelabelErrorViewConfiguration.class]] with [Root bean: class [null]; scope=; abstract=false; lazyInit=false; autowireMode=3; dependencyCheck=0; autowireCandidate=true; primary=false; factoryBeanName=org.springframework.boot.autoconfigure.web.WebMvcAutoConfiguration$WebMvcAutoConfigurationAdapter; factoryMethodName=beanNameViewResolver; initMethodName=null; destroyMethodName=(inferred); defined in class path resource [org/springframework/boot/autoconfigure/web/WebMvcAutoConfiguration$WebMvcAutoConfigurationAdapter.class]]
2015-09-01 04:30:20.117 [main] INFO  org.hibernate.validator.internal.util.Version - HV000001: Hibernate Validator 5.1.3.Final
2015-09-01 04:30:31.321 [main] INFO  controller.RoleController - Starting RoleController on WIN-SFKL5881PS1 with PID 16612 (E:\Other\simpleWeb\target\classes started by Administrator in E:\Other\simpleWeb)
2015-09-01 04:30:31.356 [main] INFO  o.s.boot.context.embedded.AnnotationConfigEmbeddedWebApplicationContext - Refreshing org.springframework.boot.context.embedded.AnnotationConfigEmbeddedWebApplicationContext@2237ed25: startup date [Tue Sep 01 04:30:31 CST 2015]; root of context hierarchy
2015-09-01 04:30:36.392 [main] INFO  controller.RoleController - Starting RoleController on WIN-SFKL5881PS1 with PID 16116 (E:\Other\simpleWeb\target\classes started by Administrator in E:\Other\simpleWeb)
2015-09-01 04:30:36.424 [main] INFO  o.s.boot.context.embedded.AnnotationConfigEmbeddedWebApplicationContext - Refreshing org.springframework.boot.context.embedded.AnnotationConfigEmbeddedWebApplicationContext@2237ed25: startup date [Tue Sep 01 04:30:36 CST 2015]; root of context hierarchy
2015-09-01 04:30:37.684 [main] INFO  org.springframework.beans.factory.support.DefaultListableBeanFactory - Overriding bean definition for bean 'beanNameViewResolver' with a different definition: replacing [Root bean: class [null]; scope=; abstract=false; lazyInit=false; autowireMode=3; dependencyCheck=0; autowireCandidate=true; primary=false; factoryBeanName=org.springframework.boot.autoconfigure.web.ErrorMvcAutoConfiguration$WhitelabelErrorViewConfiguration; factoryMethodName=beanNameViewResolver; initMethodName=null; destroyMethodName=(inferred); defined in class path resource [org/springframework/boot/autoconfigure/web/ErrorMvcAutoConfiguration$WhitelabelErrorViewConfiguration.class]] with [Root bean: class [null]; scope=; abstract=false; lazyInit=false; autowireMode=3; dependencyCheck=0; autowireCandidate=true; primary=false; factoryBeanName=org.springframework.boot.autoconfigure.web.WebMvcAutoConfiguration$WebMvcAutoConfigurationAdapter; factoryMethodName=beanNameViewResolver; initMethodName=null; destroyMethodName=(inferred); defined in class path resource [org/springframework/boot/autoconfigure/web/WebMvcAutoConfiguration$WebMvcAutoConfigurationAdapter.class]]
2015-09-01 04:30:38.009 [main] INFO  org.hibernate.validator.internal.util.Version - HV000001: Hibernate Validator 5.1.3.Final
2015-09-01 04:30:38.157 [main] INFO  o.s.context.support.PostProcessorRegistrationDelegate$BeanPostProcessorChecker - Bean 'org.springframework.transaction.annotation.ProxyTransactionManagementConfiguration' of type [class org.springframework.transaction.annotation.ProxyTransactionManagementConfiguration$$EnhancerBySpringCGLIB$$b28db5b7] is not eligible for getting processed by all BeanPostProcessors (for example: not eligible for auto-proxying)
2015-09-01 04:30:45.169 [main] INFO  controller.RoleController - Starting RoleController on WIN-SFKL5881PS1 with PID 14572 (E:\Other\simpleWeb\target\classes started by Administrator in E:\Other\simpleWeb)
2015-09-01 04:30:45.201 [main] INFO  o.s.boot.context.embedded.AnnotationConfigEmbeddedWebApplicationContext - Refreshing org.springframework.boot.context.embedded.AnnotationConfigEmbeddedWebApplicationContext@5b229b0: startup date [Tue Sep 01 04:30:45 CST 2015]; root of context hierarchy
2015-09-01 04:30:46.338 [main] INFO  org.springframework.beans.factory.support.DefaultListableBeanFactory - Overriding bean definition for bean 'beanNameViewResolver' with a different definition: replacing [Root bean: class [null]; scope=; abstract=false; lazyInit=false; autowireMode=3; dependencyCheck=0; autowireCandidate=true; primary=false; factoryBeanName=org.springframework.boot.autoconfigure.web.ErrorMvcAutoConfiguration$WhitelabelErrorViewConfiguration; factoryMethodName=beanNameViewResolver; initMethodName=null; destroyMethodName=(inferred); defined in class path resource [org/springframework/boot/autoconfigure/web/ErrorMvcAutoConfiguration$WhitelabelErrorViewConfiguration.class]] with [Root bean: class [null]; scope=; abstract=false; lazyInit=false; autowireMode=3; dependencyCheck=0; autowireCandidate=true; primary=false; factoryBeanName=org.springframework.boot.autoconfigure.web.WebMvcAutoConfiguration$WebMvcAutoConfigurationAdapter; factoryMethodName=beanNameViewResolver; initMethodName=null; destroyMethodName=(inferred); defined in class path resource [org/springframework/boot/autoconfigure/web/WebMvcAutoConfiguration$WebMvcAutoConfigurationAdapter.class]]
