2015-09-01 08:07:13.018 [main] ERROR org.apache.coyote.http11.Http11NioProtocol - Failed to start end point associated with ProtocolHandler ["http-nio-8080"]
java.net.BindException: Address already in use: bind
	at sun.nio.ch.Net.bind0(Native Method) ~[na:1.7.0_51]
	at sun.nio.ch.Net.bind(Net.java:444) ~[na:1.7.0_51]
	at sun.nio.ch.Net.bind(Net.java:436) ~[na:1.7.0_51]
	at sun.nio.ch.ServerSocketChannelImpl.bind(ServerSocketChannelImpl.java:214) ~[na:1.7.0_51]
	at sun.nio.ch.ServerSocketAdaptor.bind(ServerSocketAdaptor.java:74) ~[na:1.7.0_51]
	at org.apache.tomcat.util.net.NioEndpoint.bind(NioEndpoint.java:338) ~[tomcat-embed-core-8.0.23.jar:8.0.23]
	at org.apache.tomcat.util.net.AbstractEndpoint.start(AbstractEndpoint.java:760) ~[tomcat-embed-core-8.0.23.jar:8.0.23]
	at org.apache.coyote.AbstractProtocol.start(AbstractProtocol.java:472) ~[tomcat-embed-core-8.0.23.jar:8.0.23]
	at org.apache.catalina.connector.Connector.startInternal(Connector.java:986) [tomcat-embed-core-8.0.23.jar:8.0.23]
	at org.apache.catalina.util.LifecycleBase.start(LifecycleBase.java:150) [tomcat-embed-core-8.0.23.jar:8.0.23]
	at org.apache.catalina.core.StandardService.addConnector(StandardService.java:237) [tomcat-embed-core-8.0.23.jar:8.0.23]
	at org.springframework.boot.context.embedded.tomcat.TomcatEmbeddedServletContainer.addPreviouslyRemovedConnectors(TomcatEmbeddedServletContainer.java:186) [spring-boot-1.2.5.RELEASE.jar:1.2.5.RELEASE]
	at org.springframework.boot.context.embedded.tomcat.TomcatEmbeddedServletContainer.start(TomcatEmbeddedServletContainer.java:149) [spring-boot-1.2.5.RELEASE.jar:1.2.5.RELEASE]
	at org.springframework.boot.context.embedded.EmbeddedWebApplicationContext.startEmbeddedServletContainer(EmbeddedWebApplicationContext.java:288) [spring-boot-1.2.5.RELEASE.jar:1.2.5.RELEASE]
	at org.springframework.boot.context.embedded.EmbeddedWebApplicationContext.finishRefresh(EmbeddedWebApplicationContext.java:141) [spring-boot-1.2.5.RELEASE.jar:1.2.5.RELEASE]
	at org.springframework.context.support.AbstractApplicationContext.refresh(AbstractApplicationContext.java:483) [spring-context-4.1.7.RELEASE.jar:4.1.7.RELEASE]
	at org.springframework.boot.context.embedded.EmbeddedWebApplicationContext.refresh(EmbeddedWebApplicationContext.java:118) [spring-boot-1.2.5.RELEASE.jar:1.2.5.RELEASE]
	at org.springframework.boot.SpringApplication.refresh(SpringApplication.java:686) [spring-boot-1.2.5.RELEASE.jar:1.2.5.RELEASE]
	at org.springframework.boot.SpringApplication.run(SpringApplication.java:320) [spring-boot-1.2.5.RELEASE.jar:1.2.5.RELEASE]
	at org.springframework.boot.SpringApplication.run(SpringApplication.java:957) [spring-boot-1.2.5.RELEASE.jar:1.2.5.RELEASE]
	at org.springframework.boot.SpringApplication.run(SpringApplication.java:946) [spring-boot-1.2.5.RELEASE.jar:1.2.5.RELEASE]
	at controller.RoleController.main(RoleController.java:35) [classes/:na]
2015-09-01 08:07:13.018 [main] ERROR org.apache.catalina.core.StandardService - Failed to start connector [Connector[HTTP/1.1-8080]]
org.apache.catalina.LifecycleException: Failed to start component [Connector[HTTP/1.1-8080]]
	at org.apache.catalina.util.LifecycleBase.start(LifecycleBase.java:154) ~[tomcat-embed-core-8.0.23.jar:8.0.23]
	at org.apache.catalina.core.StandardService.addConnector(StandardService.java:237) ~[tomcat-embed-core-8.0.23.jar:8.0.23]
	at org.springframework.boot.context.embedded.tomcat.TomcatEmbeddedServletContainer.addPreviouslyRemovedConnectors(TomcatEmbeddedServletContainer.java:186) [spring-boot-1.2.5.RELEASE.jar:1.2.5.RELEASE]
	at org.springframework.boot.context.embedded.tomcat.TomcatEmbeddedServletContainer.start(TomcatEmbeddedServletContainer.java:149) [spring-boot-1.2.5.RELEASE.jar:1.2.5.RELEASE]
	at org.springframework.boot.context.embedded.EmbeddedWebApplicationContext.startEmbeddedServletContainer(EmbeddedWebApplicationContext.java:288) [spring-boot-1.2.5.RELEASE.jar:1.2.5.RELEASE]
	at org.springframework.boot.context.embedded.EmbeddedWebApplicationContext.finishRefresh(EmbeddedWebApplicationContext.java:141) [spring-boot-1.2.5.RELEASE.jar:1.2.5.RELEASE]
	at org.springframework.context.support.AbstractApplicationContext.refresh(AbstractApplicationContext.java:483) [spring-context-4.1.7.RELEASE.jar:4.1.7.RELEASE]
	at org.springframework.boot.context.embedded.EmbeddedWebApplicationContext.refresh(EmbeddedWebApplicationContext.java:118) [spring-boot-1.2.5.RELEASE.jar:1.2.5.RELEASE]
	at org.springframework.boot.SpringApplication.refresh(SpringApplication.java:686) [spring-boot-1.2.5.RELEASE.jar:1.2.5.RELEASE]
	at org.springframework.boot.SpringApplication.run(SpringApplication.java:320) [spring-boot-1.2.5.RELEASE.jar:1.2.5.RELEASE]
	at org.springframework.boot.SpringApplication.run(SpringApplication.java:957) [spring-boot-1.2.5.RELEASE.jar:1.2.5.RELEASE]
	at org.springframework.boot.SpringApplication.run(SpringApplication.java:946) [spring-boot-1.2.5.RELEASE.jar:1.2.5.RELEASE]
	at controller.RoleController.main(RoleController.java:35) [classes/:na]
Caused by: org.apache.catalina.LifecycleException: service.getName(): "Tomcat";  Protocol handler start failed
	at org.apache.catalina.connector.Connector.startInternal(Connector.java:993) ~[tomcat-embed-core-8.0.23.jar:8.0.23]
	at org.apache.catalina.util.LifecycleBase.start(LifecycleBase.java:150) ~[tomcat-embed-core-8.0.23.jar:8.0.23]
	... 12 common frames omitted
Caused by: java.net.BindException: Address already in use: bind
	at sun.nio.ch.Net.bind0(Native Method) ~[na:1.7.0_51]
	at sun.nio.ch.Net.bind(Net.java:444) ~[na:1.7.0_51]
	at sun.nio.ch.Net.bind(Net.java:436) ~[na:1.7.0_51]
	at sun.nio.ch.ServerSocketChannelImpl.bind(ServerSocketChannelImpl.java:214) ~[na:1.7.0_51]
	at sun.nio.ch.ServerSocketAdaptor.bind(ServerSocketAdaptor.java:74) ~[na:1.7.0_51]
	at org.apache.tomcat.util.net.NioEndpoint.bind(NioEndpoint.java:338) ~[tomcat-embed-core-8.0.23.jar:8.0.23]
	at org.apache.tomcat.util.net.AbstractEndpoint.start(AbstractEndpoint.java:760) ~[tomcat-embed-core-8.0.23.jar:8.0.23]
	at org.apache.coyote.AbstractProtocol.start(AbstractProtocol.java:472) ~[tomcat-embed-core-8.0.23.jar:8.0.23]
	at org.apache.catalina.connector.Connector.startInternal(Connector.java:986) ~[tomcat-embed-core-8.0.23.jar:8.0.23]
	... 13 common frames omitted
2015-09-01 08:07:13.038 [main] ERROR org.springframework.boot.SpringApplication - Application startup failed
java.lang.IllegalStateException: Tomcat connector in failed state
	at org.springframework.boot.context.embedded.tomcat.TomcatEmbeddedServletContainer.start(TomcatEmbeddedServletContainer.java:157) ~[spring-boot-1.2.5.RELEASE.jar:1.2.5.RELEASE]
	at org.springframework.boot.context.embedded.EmbeddedWebApplicationContext.startEmbeddedServletContainer(EmbeddedWebApplicationContext.java:288) ~[spring-boot-1.2.5.RELEASE.jar:1.2.5.RELEASE]
	at org.springframework.boot.context.embedded.EmbeddedWebApplicationContext.finishRefresh(EmbeddedWebApplicationContext.java:141) ~[spring-boot-1.2.5.RELEASE.jar:1.2.5.RELEASE]
	at org.springframework.context.support.AbstractApplicationContext.refresh(AbstractApplicationContext.java:483) ~[spring-context-4.1.7.RELEASE.jar:4.1.7.RELEASE]
	at org.springframework.boot.context.embedded.EmbeddedWebApplicationContext.refresh(EmbeddedWebApplicationContext.java:118) ~[spring-boot-1.2.5.RELEASE.jar:1.2.5.RELEASE]
	at org.springframework.boot.SpringApplication.refresh(SpringApplication.java:686) [spring-boot-1.2.5.RELEASE.jar:1.2.5.RELEASE]
	at org.springframework.boot.SpringApplication.run(SpringApplication.java:320) [spring-boot-1.2.5.RELEASE.jar:1.2.5.RELEASE]
	at org.springframework.boot.SpringApplication.run(SpringApplication.java:957) [spring-boot-1.2.5.RELEASE.jar:1.2.5.RELEASE]
	at org.springframework.boot.SpringApplication.run(SpringApplication.java:946) [spring-boot-1.2.5.RELEASE.jar:1.2.5.RELEASE]
	at controller.RoleController.main(RoleController.java:35) [classes/:na]
2015-09-01 08:10:43.768 [main] ERROR org.springframework.boot.SpringApplication - Application startup failed
org.springframework.context.ApplicationContextException: Unable to start embedded container; nested exception is org.springframework.context.ApplicationContextException: Unable to start EmbeddedWebApplicationContext due to missing EmbeddedServletContainerFactory bean.
	at org.springframework.boot.context.embedded.EmbeddedWebApplicationContext.onRefresh(EmbeddedWebApplicationContext.java:133) ~[spring-boot-1.2.5.RELEASE.jar:1.2.5.RELEASE]
	at org.springframework.context.support.AbstractApplicationContext.refresh(AbstractApplicationContext.java:474) ~[spring-context-4.1.7.RELEASE.jar:4.1.7.RELEASE]
	at org.springframework.boot.context.embedded.EmbeddedWebApplicationContext.refresh(EmbeddedWebApplicationContext.java:118) ~[spring-boot-1.2.5.RELEASE.jar:1.2.5.RELEASE]
	at org.springframework.boot.SpringApplication.refresh(SpringApplication.java:686) [spring-boot-1.2.5.RELEASE.jar:1.2.5.RELEASE]
	at org.springframework.boot.SpringApplication.run(SpringApplication.java:320) [spring-boot-1.2.5.RELEASE.jar:1.2.5.RELEASE]
	at org.springframework.boot.SpringApplication.run(SpringApplication.java:957) [spring-boot-1.2.5.RELEASE.jar:1.2.5.RELEASE]
	at org.springframework.boot.SpringApplication.run(SpringApplication.java:946) [spring-boot-1.2.5.RELEASE.jar:1.2.5.RELEASE]
	at main.Application.main(Application.java:43) [classes/:na]
Caused by: org.springframework.context.ApplicationContextException: Unable to start EmbeddedWebApplicationContext due to missing EmbeddedServletContainerFactory bean.
	at org.springframework.boot.context.embedded.EmbeddedWebApplicationContext.getEmbeddedServletContainerFactory(EmbeddedWebApplicationContext.java:183) ~[spring-boot-1.2.5.RELEASE.jar:1.2.5.RELEASE]
	at org.springframework.boot.context.embedded.EmbeddedWebApplicationContext.createEmbeddedServletContainer(EmbeddedWebApplicationContext.java:156) ~[spring-boot-1.2.5.RELEASE.jar:1.2.5.RELEASE]
	at org.springframework.boot.context.embedded.EmbeddedWebApplicationContext.onRefresh(EmbeddedWebApplicationContext.java:130) ~[spring-boot-1.2.5.RELEASE.jar:1.2.5.RELEASE]
	... 7 common frames omitted
2015-09-01 08:11:41.756 [main] ERROR org.springframework.boot.SpringApplication - Application startup failed
org.springframework.context.ApplicationContextException: Unable to start embedded container; nested exception is org.springframework.context.ApplicationContextException: Unable to start EmbeddedWebApplicationContext due to missing EmbeddedServletContainerFactory bean.
	at org.springframework.boot.context.embedded.EmbeddedWebApplicationContext.onRefresh(EmbeddedWebApplicationContext.java:133) ~[spring-boot-1.2.5.RELEASE.jar:1.2.5.RELEASE]
	at org.springframework.context.support.AbstractApplicationContext.refresh(AbstractApplicationContext.java:474) ~[spring-context-4.1.7.RELEASE.jar:4.1.7.RELEASE]
	at org.springframework.boot.context.embedded.EmbeddedWebApplicationContext.refresh(EmbeddedWebApplicationContext.java:118) ~[spring-boot-1.2.5.RELEASE.jar:1.2.5.RELEASE]
	at org.springframework.boot.SpringApplication.refresh(SpringApplication.java:686) [spring-boot-1.2.5.RELEASE.jar:1.2.5.RELEASE]
	at org.springframework.boot.SpringApplication.run(SpringApplication.java:320) [spring-boot-1.2.5.RELEASE.jar:1.2.5.RELEASE]
	at org.springframework.boot.SpringApplication.run(SpringApplication.java:957) [spring-boot-1.2.5.RELEASE.jar:1.2.5.RELEASE]
	at org.springframework.boot.SpringApplication.run(SpringApplication.java:946) [spring-boot-1.2.5.RELEASE.jar:1.2.5.RELEASE]
	at main.Application.main(Application.java:44) [classes/:na]
Caused by: org.springframework.context.ApplicationContextException: Unable to start EmbeddedWebApplicationContext due to missing EmbeddedServletContainerFactory bean.
	at org.springframework.boot.context.embedded.EmbeddedWebApplicationContext.getEmbeddedServletContainerFactory(EmbeddedWebApplicationContext.java:183) ~[spring-boot-1.2.5.RELEASE.jar:1.2.5.RELEASE]
	at org.springframework.boot.context.embedded.EmbeddedWebApplicationContext.createEmbeddedServletContainer(EmbeddedWebApplicationContext.java:156) ~[spring-boot-1.2.5.RELEASE.jar:1.2.5.RELEASE]
	at org.springframework.boot.context.embedded.EmbeddedWebApplicationContext.onRefresh(EmbeddedWebApplicationContext.java:130) ~[spring-boot-1.2.5.RELEASE.jar:1.2.5.RELEASE]
	... 7 common frames omitted
2015-09-01 08:12:52.193 [main] ERROR org.springframework.boot.SpringApplication - Application startup failed
org.springframework.context.ApplicationContextException: Unable to start embedded container; nested exception is org.springframework.context.ApplicationContextException: Unable to start EmbeddedWebApplicationContext due to missing EmbeddedServletContainerFactory bean.
	at org.springframework.boot.context.embedded.EmbeddedWebApplicationContext.onRefresh(EmbeddedWebApplicationContext.java:133) ~[spring-boot-1.2.5.RELEASE.jar:1.2.5.RELEASE]
	at org.springframework.context.support.AbstractApplicationContext.refresh(AbstractApplicationContext.java:474) ~[spring-context-4.1.7.RELEASE.jar:4.1.7.RELEASE]
	at org.springframework.boot.context.embedded.EmbeddedWebApplicationContext.refresh(EmbeddedWebApplicationContext.java:118) ~[spring-boot-1.2.5.RELEASE.jar:1.2.5.RELEASE]
	at org.springframework.boot.SpringApplication.refresh(SpringApplication.java:686) [spring-boot-1.2.5.RELEASE.jar:1.2.5.RELEASE]
	at org.springframework.boot.SpringApplication.run(SpringApplication.java:320) [spring-boot-1.2.5.RELEASE.jar:1.2.5.RELEASE]
	at org.springframework.boot.SpringApplication.run(SpringApplication.java:957) [spring-boot-1.2.5.RELEASE.jar:1.2.5.RELEASE]
	at org.springframework.boot.SpringApplication.run(SpringApplication.java:946) [spring-boot-1.2.5.RELEASE.jar:1.2.5.RELEASE]
	at main.Application.main(Application.java:44) [classes/:na]
Caused by: org.springframework.context.ApplicationContextException: Unable to start EmbeddedWebApplicationContext due to missing EmbeddedServletContainerFactory bean.
	at org.springframework.boot.context.embedded.EmbeddedWebApplicationContext.getEmbeddedServletContainerFactory(EmbeddedWebApplicationContext.java:183) ~[spring-boot-1.2.5.RELEASE.jar:1.2.5.RELEASE]
	at org.springframework.boot.context.embedded.EmbeddedWebApplicationContext.createEmbeddedServletContainer(EmbeddedWebApplicationContext.java:156) ~[spring-boot-1.2.5.RELEASE.jar:1.2.5.RELEASE]
	at org.springframework.boot.context.embedded.EmbeddedWebApplicationContext.onRefresh(EmbeddedWebApplicationContext.java:130) ~[spring-boot-1.2.5.RELEASE.jar:1.2.5.RELEASE]
	... 7 common frames omitted
2015-09-01 08:15:21.501 [main] ERROR org.springframework.boot.SpringApplication - Application startup failed
org.springframework.context.ApplicationContextException: Unable to start embedded container; nested exception is org.springframework.context.ApplicationContextException: Unable to start EmbeddedWebApplicationContext due to missing EmbeddedServletContainerFactory bean.
	at org.springframework.boot.context.embedded.EmbeddedWebApplicationContext.onRefresh(EmbeddedWebApplicationContext.java:133) ~[spring-boot-1.2.5.RELEASE.jar:1.2.5.RELEASE]
	at org.springframework.context.support.AbstractApplicationContext.refresh(AbstractApplicationContext.java:474) ~[spring-context-4.1.7.RELEASE.jar:4.1.7.RELEASE]
	at org.springframework.boot.context.embedded.EmbeddedWebApplicationContext.refresh(EmbeddedWebApplicationContext.java:118) ~[spring-boot-1.2.5.RELEASE.jar:1.2.5.RELEASE]
	at org.springframework.boot.SpringApplication.refresh(SpringApplication.java:686) [spring-boot-1.2.5.RELEASE.jar:1.2.5.RELEASE]
	at org.springframework.boot.SpringApplication.run(SpringApplication.java:320) [spring-boot-1.2.5.RELEASE.jar:1.2.5.RELEASE]
	at org.springframework.boot.SpringApplication.run(SpringApplication.java:957) [spring-boot-1.2.5.RELEASE.jar:1.2.5.RELEASE]
	at org.springframework.boot.SpringApplication.run(SpringApplication.java:946) [spring-boot-1.2.5.RELEASE.jar:1.2.5.RELEASE]
	at main.Application.main(Application.java:44) [classes/:na]
Caused by: org.springframework.context.ApplicationContextException: Unable to start EmbeddedWebApplicationContext due to missing EmbeddedServletContainerFactory bean.
	at org.springframework.boot.context.embedded.EmbeddedWebApplicationContext.getEmbeddedServletContainerFactory(EmbeddedWebApplicationContext.java:183) ~[spring-boot-1.2.5.RELEASE.jar:1.2.5.RELEASE]
	at org.springframework.boot.context.embedded.EmbeddedWebApplicationContext.createEmbeddedServletContainer(EmbeddedWebApplicationContext.java:156) ~[spring-boot-1.2.5.RELEASE.jar:1.2.5.RELEASE]
	at org.springframework.boot.context.embedded.EmbeddedWebApplicationContext.onRefresh(EmbeddedWebApplicationContext.java:130) ~[spring-boot-1.2.5.RELEASE.jar:1.2.5.RELEASE]
	... 7 common frames omitted
